<?xml version="1.0" encoding="UTF-8"?>
<testsuite name="com.siemens.pki.cmpgateway.CmpGatewayTest" tests="3" skipped="0" failures="0" errors="0" timestamp="2026-09-23T12:44:13.646Z" hostname="LTINT02" time="0.187">
  <properties/>
  <testcase name="testConfigSetters" classname="com.siemens.pki.cmpgateway.CmpGatewayTest" time="0.144"/>
  <testcase name="testSharedSecret" classname="com.siemens.pki.cmpgateway.CmpGatewayTest" time="0.013"/>
  <testcase name="testConfigDefaults" classname="com.siemens.pki.cmpgateway.CmpGatewayTest" time="0.0"/>
  <system-out><![CDATA[]]></system-out>
  <system-err><![CDATA[]]></system-err>
</testsuite>
